<?xml version="1.0" encoding="UTF-8"?>
<testng-results ignored="0" total="2" passed="2" failed="0" skipped="0">
  <reporter-output>
  </reporter-output>
  <suite started-at="2021-11-27T13:54:34 EST" name="regression" finished-at="2021-11-27T13:55:06 EST" duration-ms="31772">
    <groups>
    </groups>
    <test started-at="2021-11-27T13:54:34 EST" name="test1" finished-at="2021-11-27T13:55:06 EST" duration-ms="31772">
      <class name="regressiontests.dpNewTest">
        <test-method is-config="true" signature="browser(java.lang.String,java.lang.String)[pri:0, instance:regressiontests.dpNewTest@29626d54]" started-at="2021-11-27T13:54:34 EST" name="browser" finished-at="2021-11-27T13:54:43 EST" duration-ms="8950" status="PASS">
          <params>
            <param index="0">
              <value>
                <![CDATA[chrome]]>
              </value>
            </param>
            <param index="1">
              <value>
                <![CDATA[https://www.facebook.com]]>
              </value>
            </param>
          </params>
          <reporter-output>
          </reporter-output>
        </test-method> <!-- browser -->
        <test-method signature="f(java.lang.String,java.lang.String)[pri:0, instance:regressiontests.dpNewTest@29626d54]" started-at="2021-11-27T13:54:43 EST" name="f" data-provider="dp" finished-at="2021-11-27T13:54:50 EST" duration-ms="6761" status="PASS">
          <params>
            <param index="0">
              <value>
                <![CDATA[abc@yahoo.com]]>
              </value>
            </param>
            <param index="1">
              <value>
                <![CDATA[aaaaaaaaa]]>
              </value>
            </param>
          </params>
          <reporter-output>
          </reporter-output>
        </test-method> <!-- f -->
        <test-method signature="f(java.lang.String,java.lang.String)[pri:0, instance:regressiontests.dpNewTest@29626d54]" started-at="2021-11-27T13:54:50 EST" name="f" data-provider="dp" finished-at="2021-11-27T13:54:56 EST" duration-ms="6357" status="PASS">
          <params>
            <param index="0">
              <value>
                <![CDATA[def@yahoo.com]]>
              </value>
            </param>
            <param index="1">
              <value>
                <![CDATA[bbbbbbbbb]]>
              </value>
            </param>
          </params>
          <reporter-output>
          </reporter-output>
        </test-method> <!-- f -->
        <test-method is-config="true" signature="afterTest()[pri:0, instance:regressiontests.dpNewTest@29626d54]" started-at="2021-11-27T13:54:57 EST" name="afterTest" finished-at="2021-11-27T13:55:06 EST" duration-ms="9236" status="PASS">
          <reporter-output>
          </reporter-output>
        </test-method> <!-- afterTest -->
      </class> <!-- regressiontests.dpNewTest -->
    </test> <!-- test1 -->
  </suite> <!-- regression -->
</testng-results>
